'Building file: ../app.cfg'
'Building file: ../ALE47ToFPGA.c'
'Building file: ../FPGARegs.c'
'Building file: ../gpio.c'
'Building file: ../main.c'
'Building file: ../timer_api.c'
'Building file: ../util/acid.c'
'Building file: ../util/ascii_symbols.c'
'Building file: ../util/assert_static.c'
'Building file: ../util/bounded_queue.c'
'Building file: ../util/destructor.c'
'Building file: ../util/event.c'
'Building file: ../util/fpga_interface.c'
'Building file: ../util/itoa.c'
'Building file: ../util/list_static.c'
'Building file: ../util/math_macros.c'
'Building file: ../util/memory_macros.c'
'Building file: ../util/observer.c'
'Building file: ../util/os_interface.c'
'Building file: ../util/ring_buffer.c'
'Building file: ../util/shared_alloc.c'
'Building file: ../util/static_heap.c'
'Building file: ../util/subject.c'
'Building file: ../util/variant.c'
'Building file: ../util/vtimers.c'
'Building file: ../util/os/pthreads.c'
'Building file: ../util/os/sysbios.c'
'Building file: ../util/mq/mq.c'
'Building file: ../util/mq/mq_broker.c'
'Building file: ../util/mq/mq_common.c'
'Building file: ../util/mq/mq_dispatch.c'
'Building file: ../util/mq/mq_dtors.c'
'Building file: ../util/mq/mq_evt.c'
'Building file: ../util/mq/mq_evt_payload.c'
'Building file: ../util/mq/mq_pub.c'
'Building file: ../util/mq/mq_sub.c'
'Building file: ../util/mq/mq_subscriptions.c'
'Building file: ../util/mq/mq_time.c'
'Building file: ../util/mq/mq_topic.c'
'Building file: ../util/mq/mq_wildcard.c'
'Building file: ../module/eUART_Driver/eUART.c'
'Building file: ../module/eDMA3_Driver/eDMA3.c'
'Building file: ../module/UPP_Driver/c6748_uPP.c'
'Building file: ../module/UPP_Driver/ti_upp.c'
'Building file: ../module/UPP_Driver/uPP_Transfer.c'
'Building file: ../module/UDF_Driver/UDF_Driver.c'
'Building file: ../module/Trace_Driver/trace_driver.c'
'Building file: ../module/Trace_Driver/trace_testing.c'
'Building file: ../module/SBC_Task/sbc_task.c'
'Building file: ../module/Laser_Task/LaserTask.c'
'Building file: ../module/Flash_Task/Flash_NVstore.c'
'Building file: ../module/Flash_Task/Flash_Task.c'
'Building file: ../module/Flash_Task/nor.c'
'Building file: ../module/EW_Task/ew_task.c'
'Building file: ../module/EW_Task/ew_threat.c'
'Building file: ../module/EGI_Task/egi_task.c'
'Building file: ../module/EGI_Task/h1_1553.c'
'Building file: ../module/EGI_Task/mh60s_1553.c'
'Building file: ../module/EGI_Task/nav_header.c'
'Building file: ../module/EGI_Task/rtc.c'
'Building file: ../module/EGI_Task/rtc_impl.c'
'Building file: ../module/EGI_Task/unit_conversions.c'
'Building file: ../module/EGI_Task/lcdkOMAPL138/rtc.c'
'Building file: ../module/Control_Task/sc_base_sm_actions.c'
'Building file: ../module/Control_Task/sc_ev_channel.c'
'Building file: ../module/Control_Task/sc_mutex.c'
'Building file: ../module/Control_Task/sc_state_degraded.c'
'Building file: ../module/Control_Task/sc_state_ibit.c'
'Building file: ../module/Control_Task/sc_state_initialization.c'
'Building file: ../module/Control_Task/sc_state_machine.c'
'Building file: ../module/Control_Task/sc_state_maintenance.c'
'Building file: ../module/Control_Task/sc_state_ready.c'
'Building file: ../module/Control_Task/sc_state_reprogramming.c'
'Building file: ../module/Control_Task/sc_state_sbit_eval.c'
'Building file: ../module/Control_Task/sc_state_standby.c'
'Building file: ../module/Control_Task/sc_state_zeroize.c'
'Building file: ../module/Control_Task/sc_task.c'
'Building file: ../module/CMDS_Task/CMDS_Task.c'
'Building file: ../module/CI_Task/bit_interface.c'
'Building file: ../module/CI_Task/bt_topic_event_handlers.c'
'Building file: ../module/CI_Task/ci.c'
'Building file: ../module/CI_Task/ci_audio.c'
'Building file: ../module/CI_Task/ci_commands.c'
'Building file: ../module/CI_Task/ci_controller.c'
'Building file: ../module/CI_Task/ci_degraded.c'
'Building file: ../module/CI_Task/ci_events.c'
'Building file: ../module/CI_Task/ci_fault.c'
'Building file: ../module/CI_Task/ci_fault_iter.c'
'Building file: ../module/CI_Task/ci_init_display.c'
'Building file: ../module/CI_Task/ci_io.c'
'Building file: ../module/CI_Task/ci_mapping.c'
'Building file: ../module/CI_Task/ci_menu.c'
'Building file: ../module/CI_Task/ci_menu_callback_handlers.c'
'Building file: ../module/CI_Task/ci_menu_table.c'
'Building file: ../module/CI_Task/ci_menu_text_handlers.c'
'Building file: ../module/CI_Task/ci_pending.c'
'Building file: ../module/CI_Task/ci_poll.c'
'Building file: ../module/CI_Task/ci_process_response.c'
'Building file: ../module/CI_Task/ci_rosette.c'
'Building file: ../module/CI_Task/ci_sys_state.c'
'Building file: ../module/CI_Task/ci_task.c'
'Building file: ../module/CI_Task/ci_timeouts.c'
'Building file: ../module/CI_Task/ci_topic_event_handlers.c'
'Building file: ../module/CI_Task/ci_topic_threat_event_handlers.c'
'Building file: ../module/CI_Task/ci_udf.c'
'Building file: ../module/CI_Task/ci_update_display.c'
'Building file: ../module/CI_Task/ci_verinfo.c'
'Building file: ../module/CI_Task/ci_vol.c'
'Building file: ../module/CI_Task/cmds_interface.c'
'Building file: ../module/CI_Task/ct_topic_event_handlers.c'
'Building file: ../module/CI_Task/dcm_align_interface.c'
'Building file: ../module/CI_Task/jam_test_interface.c'
'Building file: ../module/CI_Task/mq_topic_event_handlers.c'
'Building file: ../module/CI_Task/olft_interface.c'
'Building file: ../module/CI_Task/sens_rot_interface.c'
'Building file: ../module/CI_Task/test_switch.c'
'Building file: ../module/CI_Task/test_switch_subject.c'
'Building file: ../module/CI_Task/threat.c'
'Building file: ../module/CI_Task/threat_warn.c'
'Building file: ../module/Bootload/Initc6748.c'
'Building file: ../module/Bootload/Timing.c'
'Building file: ../module/Bootload/interrupt.c'
'Building file: ../module/BIT_Task/BIT.c'
'Building file: ../module/BIT_Task/BIT_Status.c'
'Building file: ../module/BIT_Task/BIT_Task.c'
'Building file: ../module/BIT_Task/bit_events.c'
'Building file: ../module/BIT_Task/eUARTTest.c'
'Building file: ../module/1553_Driver/msglookup.c'
'Building file: ../module/1553_Driver/Support_Files/ddc1553.c'
'Building file: ../StarterWare/OMAPL138-01.10-MOD/platform/evmOMAPL138/uart.c'
'Building file: ../StarterWare/OMAPL138-01.10-MOD/drivers/edma.c'
'Building file: ../StarterWare/OMAPL138-01.10-MOD/drivers/psc.c'
'Building file: ../main.c'
